application/gzip
Started analysis of A_33_FDSW202661760-1r_HTNK5DSXY_L3_sub_1.fq.gz
application/gzip
Approx 5% complete for A_33_FDSW202661760-1r_HTNK5DSXY_L3_sub_1.fq.gz
Approx 10% complete for A_33_FDSW202661760-1r_HTNK5DSXY_L3_sub_1.fq.gz
Approx 15% complete for A_33_FDSW202661760-1r_HTNK5DSXY_L3_sub_1.fq.gz
Approx 20% complete for A_33_FDSW202661760-1r_HTNK5DSXY_L3_sub_1.fq.gz
Approx 25% complete for A_33_FDSW202661760-1r_HTNK5DSXY_L3_sub_1.fq.gz
Approx 30% complete for A_33_FDSW202661760-1r_HTNK5DSXY_L3_sub_1.fq.gz
Approx 35% complete for A_33_FDSW202661760-1r_HTNK5DSXY_L3_sub_1.fq.gz
Approx 40% complete for A_33_FDSW202661760-1r_HTNK5DSXY_L3_sub_1.fq.gz
Approx 45% complete for A_33_FDSW202661760-1r_HTNK5DSXY_L3_sub_1.fq.gz
Approx 50% complete for A_33_FDSW202661760-1r_HTNK5DSXY_L3_sub_1.fq.gz
Approx 55% complete for A_33_FDSW202661760-1r_HTNK5DSXY_L3_sub_1.fq.gz
Approx 60% complete for A_33_FDSW202661760-1r_HTNK5DSXY_L3_sub_1.fq.gz
Approx 65% complete for A_33_FDSW202661760-1r_HTNK5DSXY_L3_sub_1.fq.gz
Approx 70% complete for A_33_FDSW202661760-1r_HTNK5DSXY_L3_sub_1.fq.gz
Approx 75% complete for A_33_FDSW202661760-1r_HTNK5DSXY_L3_sub_1.fq.gz
Approx 80% complete for A_33_FDSW202661760-1r_HTNK5DSXY_L3_sub_1.fq.gz
Approx 85% complete for A_33_FDSW202661760-1r_HTNK5DSXY_L3_sub_1.fq.gz
Approx 90% complete for A_33_FDSW202661760-1r_HTNK5DSXY_L3_sub_1.fq.gz
Approx 95% complete for A_33_FDSW202661760-1r_HTNK5DSXY_L3_sub_1.fq.gz
Analysis complete for A_33_FDSW202661760-1r_HTNK5DSXY_L3_sub_1.fq.gz
Exception in thread "Thread-1" java.lang.UnsatisfiedLinkError: no fontmanager in system library path: /home/sanhita/miniconda3/envs/nf_assignment/lib/jvm/lib
	at java.base/java.lang.ClassLoader.loadLibrary(ClassLoader.java:2403)
	at java.base/java.lang.Runtime.loadLibrary0(Runtime.java:818)
	at java.base/java.lang.System.loadLibrary(System.java:1989)
	at java.desktop/sun.font.FontManagerNativeLibrary$1.run(FontManagerNativeLibrary.java:58)
	at java.base/java.security.AccessController.doPrivileged(AccessController.java:318)
	at java.desktop/sun.font.FontManagerNativeLibrary.<clinit>(FontManagerNativeLibrary.java:33)
	at java.desktop/sun.font.SunFontManager$1.run(SunFontManager.java:275)
	at java.desktop/sun.font.SunFontManager$1.run(SunFontManager.java:273)
	at java.base/java.security.AccessController.doPrivileged(AccessController.java:318)
	at java.desktop/sun.font.SunFontManager.initStatic(SunFontManager.java:273)
	at java.desktop/sun.font.SunFontManager.<clinit>(SunFontManager.java:268)
	at java.desktop/sun.font.FontDesignMetrics.getMetrics(FontDesignMetrics.java:266)
	at java.desktop/sun.java2d.SunGraphics2D.getFontMetrics(SunGraphics2D.java:871)
	at uk.ac.babraham.FastQC.Utilities.ImageSaver.SVGGenerator$SVGGraphics.getFontMetrics(SVGGenerator.java:697)
	at java.desktop/java.awt.Graphics.getFontMetrics(Graphics.java:258)
	at uk.ac.babraham.FastQC.Graphs.QualityBoxPlot.paint(QualityBoxPlot.java:88)
	at uk.ac.babraham.FastQC.Utilities.ImageSaver.SVGGenerator.<init>(SVGGenerator.java:138)
	at uk.ac.babraham.FastQC.Utilities.ImageSaver.SVGGenerator.writeSVG(SVGGenerator.java:98)
	at uk.ac.babraham.FastQC.Utilities.ImageSaver.SVGImageSaver.saveImage(SVGImageSaver.java:36)
	at uk.ac.babraham.FastQC.Modules.AbstractQCModule.writeDefaultImage(AbstractQCModule.java:75)
	at uk.ac.babraham.FastQC.Modules.PerBaseQualityScores.makeReport(PerBaseQualityScores.java:199)
	at uk.ac.babraham.FastQC.Report.HTMLReportArchive.<init>(HTMLReportArchive.java:131)
	at uk.ac.babraham.FastQC.Analysis.OfflineRunner.analysisComplete(OfflineRunner.java:189)
	at uk.ac.babraham.FastQC.Analysis.AnalysisRunner.run(AnalysisRunner.java:123)
	at java.base/java.lang.Thread.run(Thread.java:833)
